{"C:\\TestDev\\libraries\\typescript\\la-fouille\\src\\components\\SearchInput\\SearchInput.tsx": {"path":"C:\\TestDev\\libraries\\typescript\\la-fouille\\src\\components\\SearchInput\\SearchInput.tsx","statementMap":{"0":{"start":{"line":17,"column":6},"end":{"line":17,"column":11}},"1":{"start":{"line":18,"column":28},"end":{"line":18,"column":48}},"2":{"start":{"line":19,"column":25},"end":{"line":19,"column":48}},"3":{"start":{"line":21,"column":2},"end":{"line":23,"column":23}},"4":{"start":{"line":22,"column":4},"end":{"line":22,"column":35}},"5":{"start":{"line":25,"column":2},"end":{"line":39,"column":4}},"6":{"start":{"line":36,"column":25},"end":{"line":36,"column":49}}},"fnMap":{"0":{"name":"SearchInput","decl":{"start":{"line":5,"column":9},"end":{"line":5,"column":20}},"loc":{"start":{"line":5,"column":46},"end":{"line":40,"column":1}},"line":5},"1":{"name":"(anonymous_1)","decl":{"start":{"line":21,"column":12},"end":{"line":21,"column":13}},"loc":{"start":{"line":21,"column":18},"end":{"line":23,"column":3}},"line":21},"2":{"name":"(anonymous_2)","decl":{"start":{"line":36,"column":18},"end":{"line":36,"column":19}},"loc":{"start":{"line":36,"column":25},"end":{"line":36,"column":49}},"line":36}},"branchMap":{"0":{"loc":{"start":{"line":13,"column":4},"end":{"line":13,"column":24}},"type":"default-arg","locations":[{"start":{"line":13,"column":16},"end":{"line":13,"column":24}}],"line":13},"1":{"loc":{"start":{"line":16,"column":4},"end":{"line":16,"column":34}},"type":"default-arg","locations":[{"start":{"line":16,"column":23},"end":{"line":16,"column":34}}],"line":16}},"s":{"0":2,"1":2,"2":2,"3":2,"4":2,"5":2,"6":0},"f":{"0":2,"1":2,"2":0},"b":{"0":[2],"1":[2]},"_coverageSchema":"1a1c01bbd47fc00a2c39e90264f33305004495a9","hash":"02f96a0b19cbb9e746b801feefb5c4accc70dae1"}
,"C:\\TestDev\\libraries\\typescript\\la-fouille\\src\\components\\Sorters\\Sorters.tsx": {"path":"C:\\TestDev\\libraries\\typescript\\la-fouille\\src\\components\\Sorters\\Sorters.tsx","statementMap":{"0":{"start":{"line":21,"column":6},"end":{"line":21,"column":11}},"1":{"start":{"line":23,"column":17},"end":{"line":23,"column":59}},"2":{"start":{"line":25,"column":2},"end":{"line":68,"column":4}},"3":{"start":{"line":35,"column":25},"end":{"line":35,"column":50}},"4":{"start":{"line":36,"column":10},"end":{"line":41,"column":11}},"5":{"start":{"line":37,"column":12},"end":{"line":40,"column":15}},"6":{"start":{"line":45,"column":10},"end":{"line":64,"column":27}}},"fnMap":{"0":{"name":"Sorters","decl":{"start":{"line":7,"column":9},"end":{"line":7,"column":16}},"loc":{"start":{"line":7,"column":75},"end":{"line":69,"column":1}},"line":7},"1":{"name":"(anonymous_1)","decl":{"start":{"line":34,"column":18},"end":{"line":34,"column":19}},"loc":{"start":{"line":34,"column":25},"end":{"line":42,"column":9}},"line":34},"2":{"name":"(anonymous_2)","decl":{"start":{"line":44,"column":33},"end":{"line":44,"column":34}},"loc":{"start":{"line":45,"column":10},"end":{"line":64,"column":27}},"line":45}},"branchMap":{"0":{"loc":{"start":{"line":15,"column":4},"end":{"line":15,"column":25}},"type":"default-arg","locations":[{"start":{"line":15,"column":16},"end":{"line":15,"column":25}}],"line":15},"1":{"loc":{"start":{"line":23,"column":17},"end":{"line":23,"column":59}},"type":"cond-expr","locations":[{"start":{"line":23,"column":41},"end":{"line":23,"column":54}},{"start":{"line":23,"column":57},"end":{"line":23,"column":59}}],"line":23},"2":{"loc":{"start":{"line":36,"column":10},"end":{"line":41,"column":11}},"type":"if","locations":[{"start":{"line":36,"column":10},"end":{"line":41,"column":11}},{"start":{},"end":{}}],"line":36}},"s":{"0":3,"1":3,"2":3,"3":1,"4":1,"5":1,"6":10},"f":{"0":3,"1":1,"2":10},"b":{"0":[3],"1":[2,1],"2":[1,0]},"_coverageSchema":"1a1c01bbd47fc00a2c39e90264f33305004495a9","hash":"5aeb43f6f5ae9f5dc33bf4718d103f67632426ed"}
,"C:\\TestDev\\libraries\\typescript\\la-fouille\\src\\components\\toggle\\ToggleSwitch.tsx": {"path":"C:\\TestDev\\libraries\\typescript\\la-fouille\\src\\components\\toggle\\ToggleSwitch.tsx","statementMap":{"0":{"start":{"line":17,"column":21},"end":{"line":49,"column":1}},"1":{"start":{"line":28,"column":6},"end":{"line":28,"column":11}},"2":{"start":{"line":30,"column":2},"end":{"line":48,"column":4}}},"fnMap":{"0":{"name":"(anonymous_0)","decl":{"start":{"line":17,"column":21},"end":{"line":17,"column":22}},"loc":{"start":{"line":17,"column":46},"end":{"line":49,"column":1}},"line":17}},"branchMap":{"0":{"loc":{"start":{"line":21,"column":4},"end":{"line":21,"column":38}},"type":"default-arg","locations":[{"start":{"line":21,"column":23},"end":{"line":21,"column":38}}],"line":21},"1":{"loc":{"start":{"line":23,"column":4},"end":{"line":23,"column":45}},"type":"default-arg","locations":[{"start":{"line":23,"column":21},"end":{"line":23,"column":45}}],"line":23},"2":{"loc":{"start":{"line":25,"column":4},"end":{"line":25,"column":42}},"type":"default-arg","locations":[{"start":{"line":25,"column":21},"end":{"line":25,"column":42}}],"line":25},"3":{"loc":{"start":{"line":26,"column":4},"end":{"line":26,"column":47}},"type":"default-arg","locations":[{"start":{"line":26,"column":26},"end":{"line":26,"column":47}}],"line":26},"4":{"loc":{"start":{"line":27,"column":4},"end":{"line":27,"column":48}},"type":"default-arg","locations":[{"start":{"line":27,"column":26},"end":{"line":27,"column":48}}],"line":27}},"s":{"0":1,"1":1,"2":1},"f":{"0":1},"b":{"0":[1],"1":[1],"2":[1],"3":[1],"4":[1]},"_coverageSchema":"1a1c01bbd47fc00a2c39e90264f33305004495a9","hash":"8a073c77b85d40e6112cfb5dcede0d301c0f7582"}
,"C:\\TestDev\\libraries\\typescript\\la-fouille\\src\\generics\\genericFilter.ts": {"path":"C:\\TestDev\\libraries\\typescript\\la-fouille\\src\\generics\\genericFilter.ts","statementMap":{"0":{"start":{"line":7,"column":2},"end":{"line":10,"column":5}},"1":{"start":{"line":8,"column":43},"end":{"line":8,"column":57}},"2":{"start":{"line":9,"column":4},"end":{"line":9,"column":67}}},"fnMap":{"0":{"name":"genericFilter","decl":{"start":{"line":3,"column":16},"end":{"line":3,"column":29}},"loc":{"start":{"line":6,"column":11},"end":{"line":11,"column":1}},"line":6},"1":{"name":"(anonymous_1)","decl":{"start":{"line":7,"column":32},"end":{"line":7,"column":33}},"loc":{"start":{"line":7,"column":52},"end":{"line":10,"column":3}},"line":7}},"branchMap":{"0":{"loc":{"start":{"line":9,"column":11},"end":{"line":9,"column":66}},"type":"cond-expr","locations":[{"start":{"line":9,"column":30},"end":{"line":9,"column":46}},{"start":{"line":9,"column":49},"end":{"line":9,"column":66}}],"line":9}},"s":{"0":6,"1":6,"2":6},"f":{"0":6,"1":6},"b":{"0":[3,3]},"_coverageSchema":"1a1c01bbd47fc00a2c39e90264f33305004495a9","hash":"08c9978d376f07fc1e7c6cee835b4a8cd9819ad7"}
,"C:\\TestDev\\libraries\\typescript\\la-fouille\\src\\generics\\genericSearch.ts": {"path":"C:\\TestDev\\libraries\\typescript\\la-fouille\\src\\generics\\genericSearch.ts","statementMap":{"0":{"start":{"line":7,"column":2},"end":{"line":30,"column":5}},"1":{"start":{"line":8,"column":4},"end":{"line":10,"column":5}},"2":{"start":{"line":9,"column":6},"end":{"line":9,"column":19}},"3":{"start":{"line":11,"column":4},"end":{"line":13,"column":5}},"4":{"start":{"line":12,"column":6},"end":{"line":12,"column":18}},"5":{"start":{"line":15,"column":18},"end":{"line":15,"column":34}},"6":{"start":{"line":17,"column":4},"end":{"line":27,"column":5}},"7":{"start":{"line":18,"column":6},"end":{"line":26,"column":7}},"8":{"start":{"line":19,"column":8},"end":{"line":19,"column":48}},"9":{"start":{"line":21,"column":23},"end":{"line":24,"column":40}},"10":{"start":{"line":25,"column":8},"end":{"line":25,"column":22}},"11":{"start":{"line":29,"column":4},"end":{"line":29,"column":17}}},"fnMap":{"0":{"name":"genericSearch","decl":{"start":{"line":1,"column":16},"end":{"line":1,"column":29}},"loc":{"start":{"line":6,"column":11},"end":{"line":31,"column":1}},"line":6},"1":{"name":"(anonymous_1)","decl":{"start":{"line":7,"column":25},"end":{"line":7,"column":26}},"loc":{"start":{"line":7,"column":39},"end":{"line":30,"column":3}},"line":7}},"branchMap":{"0":{"loc":{"start":{"line":8,"column":4},"end":{"line":10,"column":5}},"type":"if","locations":[{"start":{"line":8,"column":4},"end":{"line":10,"column":5}},{"start":{},"end":{}}],"line":8},"1":{"loc":{"start":{"line":11,"column":4},"end":{"line":13,"column":5}},"type":"if","locations":[{"start":{"line":11,"column":4},"end":{"line":13,"column":5}},{"start":{},"end":{}}],"line":11},"2":{"loc":{"start":{"line":17,"column":4},"end":{"line":27,"column":5}},"type":"if","locations":[{"start":{"line":17,"column":4},"end":{"line":27,"column":5}},{"start":{},"end":{}}],"line":17},"3":{"loc":{"start":{"line":17,"column":8},"end":{"line":17,"column":62}},"type":"binary-expr","locations":[{"start":{"line":17,"column":8},"end":{"line":17,"column":33}},{"start":{"line":17,"column":37},"end":{"line":17,"column":62}}],"line":17},"4":{"loc":{"start":{"line":18,"column":6},"end":{"line":26,"column":7}},"type":"if","locations":[{"start":{"line":18,"column":6},"end":{"line":26,"column":7}},{"start":{"line":20,"column":13},"end":{"line":26,"column":7}}],"line":18}},"s":{"0":21,"1":21,"2":0,"3":21,"4":3,"5":18,"6":18,"7":18,"8":3,"9":15,"10":15,"11":0},"f":{"0":21,"1":21},"b":{"0":[0,21],"1":[3,18],"2":[18,0],"3":[18,0],"4":[3,15]},"_coverageSchema":"1a1c01bbd47fc00a2c39e90264f33305004495a9","hash":"3ceead27710794a2b028688f9420f6cd239ff658"}
,"C:\\TestDev\\libraries\\typescript\\la-fouille\\src\\generics\\genericSort.ts": {"path":"C:\\TestDev\\libraries\\typescript\\la-fouille\\src\\generics\\genericSort.ts","statementMap":{"0":{"start":{"line":4,"column":37},"end":{"line":4,"column":49}},"1":{"start":{"line":5,"column":17},"end":{"line":13,"column":3}},"2":{"start":{"line":6,"column":4},"end":{"line":8,"column":5}},"3":{"start":{"line":7,"column":6},"end":{"line":7,"column":15}},"4":{"start":{"line":9,"column":4},"end":{"line":11,"column":5}},"5":{"start":{"line":10,"column":6},"end":{"line":10,"column":16}},"6":{"start":{"line":12,"column":4},"end":{"line":12,"column":13}},"7":{"start":{"line":14,"column":2},"end":{"line":14,"column":49}}},"fnMap":{"0":{"name":"genericSort","decl":{"start":{"line":3,"column":16},"end":{"line":3,"column":27}},"loc":{"start":{"line":3,"column":77},"end":{"line":15,"column":1}},"line":3},"1":{"name":"(anonymous_1)","decl":{"start":{"line":5,"column":17},"end":{"line":5,"column":18}},"loc":{"start":{"line":5,"column":23},"end":{"line":13,"column":3}},"line":5}},"branchMap":{"0":{"loc":{"start":{"line":6,"column":4},"end":{"line":8,"column":5}},"type":"if","locations":[{"start":{"line":6,"column":4},"end":{"line":8,"column":5}},{"start":{},"end":{}}],"line":6},"1":{"loc":{"start":{"line":9,"column":4},"end":{"line":11,"column":5}},"type":"if","locations":[{"start":{"line":9,"column":4},"end":{"line":11,"column":5}},{"start":{},"end":{}}],"line":9},"2":{"loc":{"start":{"line":14,"column":9},"end":{"line":14,"column":48}},"type":"cond-expr","locations":[{"start":{"line":14,"column":24},"end":{"line":14,"column":37}},{"start":{"line":14,"column":40},"end":{"line":14,"column":48}}],"line":14}},"s":{"0":7,"1":7,"2":7,"3":5,"4":2,"5":1,"6":1,"7":7},"f":{"0":7,"1":7},"b":{"0":[5,2],"1":[1,1],"2":[6,1]},"_coverageSchema":"1a1c01bbd47fc00a2c39e90264f33305004495a9","hash":"7f24cba8c215e43159ecda9438e3e9f7990a6e4c"}
,"C:\\TestDev\\libraries\\typescript\\la-fouille\\src\\hooks\\useDebounce.ts": {"path":"C:\\TestDev\\libraries\\typescript\\la-fouille\\src\\hooks\\useDebounce.ts","statementMap":{"0":{"start":{"line":4,"column":44},"end":{"line":4,"column":59}},"1":{"start":{"line":6,"column":2},"end":{"line":14,"column":5}},"2":{"start":{"line":7,"column":20},"end":{"line":9,"column":13}},"3":{"start":{"line":8,"column":6},"end":{"line":8,"column":30}},"4":{"start":{"line":11,"column":4},"end":{"line":13,"column":6}},"5":{"start":{"line":12,"column":6},"end":{"line":12,"column":28}},"6":{"start":{"line":16,"column":2},"end":{"line":16,"column":23}}},"fnMap":{"0":{"name":"useDebounce","decl":{"start":{"line":3,"column":16},"end":{"line":3,"column":27}},"loc":{"start":{"line":3,"column":55},"end":{"line":17,"column":1}},"line":3},"1":{"name":"(anonymous_1)","decl":{"start":{"line":6,"column":12},"end":{"line":6,"column":13}},"loc":{"start":{"line":6,"column":18},"end":{"line":14,"column":3}},"line":6},"2":{"name":"(anonymous_2)","decl":{"start":{"line":7,"column":31},"end":{"line":7,"column":32}},"loc":{"start":{"line":7,"column":37},"end":{"line":9,"column":5}},"line":7},"3":{"name":"(anonymous_3)","decl":{"start":{"line":11,"column":11},"end":{"line":11,"column":12}},"loc":{"start":{"line":11,"column":17},"end":{"line":13,"column":5}},"line":11}},"branchMap":{},"s":{"0":2,"1":2,"2":2,"3":0,"4":2,"5":2,"6":2},"f":{"0":2,"1":2,"2":0,"3":2},"b":{},"_coverageSchema":"1a1c01bbd47fc00a2c39e90264f33305004495a9","hash":"6971ccf4b76e1bd3b3a555a6a2efaa7738bc50e0"}
,"C:\\TestDev\\libraries\\typescript\\la-fouille\\src\\mockData\\people.ts": {"path":"C:\\TestDev\\libraries\\typescript\\la-fouille\\src\\mockData\\people.ts","statementMap":{"0":{"start":{"line":3,"column":38},"end":{"line":184,"column":1}}},"fnMap":{},"branchMap":{},"s":{"0":1},"f":{},"b":{},"_coverageSchema":"1a1c01bbd47fc00a2c39e90264f33305004495a9","hash":"a57692a24442b7ddf0fefbb4b517db9a9dbe5cfa"}
}
