TN:
SF:src\components\SearchInput\SearchInput.tsx
FN:5,SearchInput
FN:21,(anonymous_1)
FN:36,(anonymous_2)
FNF:3
FNH:2
FNDA:2,SearchInput
FNDA:2,(anonymous_1)
FNDA:0,(anonymous_2)
DA:17,2
DA:18,2
DA:19,2
DA:21,2
DA:22,2
DA:25,2
DA:36,0
LF:7
LH:6
BRDA:13,0,0,2
BRDA:16,1,0,2
BRF:2
BRH:2
end_of_record
TN:
SF:src\components\Sorters\Sorters.tsx
FN:7,Sorters
FN:34,(anonymous_1)
FN:44,(anonymous_2)
FNF:3
FNH:3
FNDA:3,Sorters
FNDA:1,(anonymous_1)
FNDA:10,(anonymous_2)
DA:21,3
DA:23,3
DA:25,3
DA:35,1
DA:36,1
DA:37,1
DA:45,10
LF:7
LH:7
BRDA:15,0,0,3
BRDA:23,1,0,2
BRDA:23,1,1,1
BRDA:36,2,0,1
BRDA:36,2,1,0
BRF:5
BRH:4
end_of_record
TN:
SF:src\components\toggle\ToggleSwitch.tsx
FN:17,(anonymous_0)
FNF:1
FNH:1
FNDA:1,(anonymous_0)
DA:17,1
DA:28,1
DA:30,1
LF:3
LH:3
BRDA:21,0,0,1
BRDA:23,1,0,1
BRDA:25,2,0,1
BRDA:26,3,0,1
BRDA:27,4,0,1
BRF:5
BRH:5
end_of_record
TN:
SF:src\generics\genericFilter.ts
FN:3,genericFilter
FN:7,(anonymous_1)
FNF:2
FNH:2
FNDA:6,genericFilter
FNDA:6,(anonymous_1)
DA:7,6
DA:8,6
DA:9,6
LF:3
LH:3
BRDA:9,0,0,3
BRDA:9,0,1,3
BRF:2
BRH:2
end_of_record
TN:
SF:src\generics\genericSearch.ts
FN:1,genericSearch
FN:7,(anonymous_1)
FNF:2
FNH:2
FNDA:21,genericSearch
FNDA:21,(anonymous_1)
DA:7,21
DA:8,21
DA:9,0
DA:11,21
DA:12,3
DA:15,18
DA:17,18
DA:18,18
DA:19,3
DA:21,15
DA:25,15
DA:29,0
LF:12
LH:10
BRDA:8,0,0,0
BRDA:8,0,1,21
BRDA:11,1,0,3
BRDA:11,1,1,18
BRDA:17,2,0,18
BRDA:17,2,1,0
BRDA:17,3,0,18
BRDA:17,3,1,0
BRDA:18,4,0,3
BRDA:18,4,1,15
BRF:10
BRH:7
end_of_record
TN:
SF:src\generics\genericSort.ts
FN:3,genericSort
FN:5,(anonymous_1)
FNF:2
FNH:2
FNDA:7,genericSort
FNDA:7,(anonymous_1)
DA:4,7
DA:5,7
DA:6,7
DA:7,5
DA:9,2
DA:10,1
DA:12,1
DA:14,7
LF:8
LH:8
BRDA:6,0,0,5
BRDA:6,0,1,2
BRDA:9,1,0,1
BRDA:9,1,1,1
BRDA:14,2,0,6
BRDA:14,2,1,1
BRF:6
BRH:6
end_of_record
TN:
SF:src\hooks\useDebounce.ts
FN:3,useDebounce
FN:6,(anonymous_1)
FN:7,(anonymous_2)
FN:11,(anonymous_3)
FNF:4
FNH:3
FNDA:2,useDebounce
FNDA:2,(anonymous_1)
FNDA:0,(anonymous_2)
FNDA:2,(anonymous_3)
DA:4,2
DA:6,2
DA:7,2
DA:8,0
DA:11,2
DA:12,2
DA:16,2
LF:7
LH:6
BRF:0
BRH:0
end_of_record
TN:
SF:src\mockData\people.ts
FNF:0
FNH:0
DA:3,1
LF:1
LH:1
BRF:0
BRH:0
end_of_record
